src/components/ui/Modal.tsx(1,17): error TS6133: 'Fragment' is declared but its value is never read.
src/features/dashboard/Dashboard.tsx(1,8): error TS6133: 'React' is declared but its value is never read.
src/features/dashboard/KPISection.tsx(1,1): error TS6133: 'React' is declared but its value is never read.
src/features/dashboard/LeadDetail.tsx(1,1): error TS6133: 'React' is declared but its value is never read.
src/features/dashboard/LeadDetail.tsx(4,51): error TS6133: 'Calendar' is declared but its value is never read.
src/features/dashboard/LeadDetail.tsx(4,61): error TS6133: 'DollarSign' is declared but its value is never read.
src/features/dashboard/LeadsTable.tsx(1,8): error TS6133: 'React' is declared but its value is never read.
